=== NEW SESSION STARTED ===
Raw input:
{"object":"whatsapp_business_account","entry":[{"id":"1051970416783755","changes":[{"value":{"messaging_product":"whatsapp","metadata":{"display_phone_number":"96892009371","phone_number_id":"640983692435947"},"contacts":[{"profile":{"name":"TQ"},"wa_id":"96894800957"}],"messages":[{"context":{"from":"96892009371","id":"wamid.HBgLOTY4OTQ4MDA5NTcVAgARGBJEQkI0RjJBQ0JGQUY2QkE3OUMA"},"from":"96894800957","id":"wamid.HBgLOTY4OTQ4MDA5NTcVAgASGBQzQTk2QUI0MDhDQkU4QTYzMEY2NQA=","timestamp":"1746899357","type":"interactive","interactive":{"type":"list_reply","list_reply":{"id":"back_to_categories","title":"Back to Categories","description":"Browse other coffee types"}}}]},"field":"messages"}]}]}

Decoded data:
Array
(
    [object] => whatsapp_business_account
    [entry] => Array
        (
            [0] => Array
                (
                    [id] => 1051970416783755
                    [changes] => Array
                        (
                            [0] => Array
                                (
                                    [value] => Array
                                        (
                                            [messaging_product] => whatsapp
                                            [metadata] => Array
                                                (
                                                    [display_phone_number] => 96892009371
                                                    [phone_number_id] => 640983692435947
                                                )

                                            [contacts] => Array
                                                (
                                                    [0] => Array
                                                        (
                                                            [profile] => Array
                                                                (
                                                                    [name] => TQ
                                                                )

                                                            [wa_id] => 96894800957
                                                        )

                                                )

                                            [messages] => Array
                                                (
                                                    [0] => Array
                                                        (
                                                            [context] => Array
                                                                (
                                                                    [from] => 96892009371
                                                                    [id] => wamid.HBgLOTY4OTQ4MDA5NTcVAgARGBJEQkI0RjJBQ0JGQUY2QkE3OUMA
                                                                )

                                                            [from] => 96894800957
                                                            [id] => wamid.HBgLOTY4OTQ4MDA5NTcVAgASGBQzQTk2QUI0MDhDQkU4QTYzMEY2NQA=
                                                            [timestamp] => 1746899357
                                                            [type] => interactive
                                                            [interactive] => Array
                                                                (
                                                                    [type] => list_reply
                                                                    [list_reply] => Array
                                                                        (
                                                                            [id] => back_to_categories
                                                                            [title] => Back to Categories
                                                                            [description] => Browse other coffee types
                                                                        )

                                                                )

                                                        )

                                                )

                                        )

                                    [field] => messages
                                )

                        )

                )

        )

)

Processing message from 96894800957
Interactive message detected
Full interactive structure:
Array
(
    [type] => list_reply
    [list_reply] => Array
        (
            [id] => back_to_categories
            [title] => Back to Categories
            [description] => Browse other coffee types
        )

)

List selection received: back_to_categories
Unknown list selection: back_to_categories
Preparing to send message:
{
    "messaging_product": "whatsapp",
    "to": "96894800957",
    "type": "text",
    "text": {
        "body": "Sorry, that category isn't available."
    }
}
API Response (200):
{"messaging_product":"whatsapp","contacts":[{"input":"96894800957","wa_id":"96894800957"}],"messages":[{"id":"wamid.HBgLOTY4OTQ4MDA5NTcVAgARGBIyMjI0Njk2QUE2NkQzOTIyNjAA"}]}
