=== NEW SESSION STARTED ===
Raw input:
{"object":"whatsapp_business_account","entry":[{"id":"1051970416783755","changes":[{"value":{"messaging_product":"whatsapp","metadata":{"display_phone_number":"96892009371","phone_number_id":"640983692435947"},"contacts":[{"profile":{"name":"Claimx"},"wa_id":"96894800930"}],"messages":[{"from":"96894800930","id":"wamid.HBgLOTY4OTQ4MDA5MzAVAgASGBQzQTI1Qzc2ODg2MUFFOTlERTYzNAA=","timestamp":"1746900177","text":{"body":"Ok"},"type":"text"}]},"field":"messages"}]}]}

Decoded data:
Array
(
    [object] => whatsapp_business_account
    [entry] => Array
        (
            [0] => Array
                (
                    [id] => 1051970416783755
                    [changes] => Array
                        (
                            [0] => Array
                                (
                                    [value] => Array
                                        (
                                            [messaging_product] => whatsapp
                                            [metadata] => Array
                                                (
                                                    [display_phone_number] => 96892009371
                                                    [phone_number_id] => 640983692435947
                                                )

                                            [contacts] => Array
                                                (
                                                    [0] => Array
                                                        (
                                                            [profile] => Array
                                                                (
                                                                    [name] => Claimx
                                                                )

                                                            [wa_id] => 96894800930
                                                        )

                                                )

                                            [messages] => Array
                                                (
                                                    [0] => Array
                                                        (
                                                            [from] => 96894800930
                                                            [id] => wamid.HBgLOTY4OTQ4MDA5MzAVAgASGBQzQTI1Qzc2ODg2MUFFOTlERTYzNAA=
                                                            [timestamp] => 1746900177
                                                            [text] => Array
                                                                (
                                                                    [body] => Ok
                                                                )

                                                            [type] => text
                                                        )

                                                )

                                        )

                                    [field] => messages
                                )

                        )

                )

        )

)

Processing message from 96894800930
Text message received: ok
