=== NEW SESSION STARTED ===
Raw input:
{"object":"whatsapp_business_account","entry":[{"id":"1051970416783755","changes":[{"value":{"messaging_product":"whatsapp","metadata":{"display_phone_number":"96892009371","phone_number_id":"640983692435947"},"contacts":[{"profile":{"name":"K"},"wa_id":"917292055714"}],"messages":[{"context":{"from":"96892009371","id":"wamid.HBgMOTE3MjkyMDU1NzE0FQIAERgSMEZEMjM0RTc5OURFQzdDRDdGAA=="},"from":"917292055714","id":"wamid.HBgMOTE3MjkyMDU1NzE0FQIAEhggMjdENzc5ODAzRjEwRUU4QjJCOTBBNEI0RDMwQkYwNUIA","timestamp":"1746898429","type":"interactive","interactive":{"type":"list_reply","list_reply":{"id":"blends","title":"Special Blends","description":"Our signature mixes"}}}]},"field":"messages"}]}]}

Decoded data:
Array
(
    [object] => whatsapp_business_account
    [entry] => Array
        (
            [0] => Array
                (
                    [id] => 1051970416783755
                    [changes] => Array
                        (
                            [0] => Array
                                (
                                    [value] => Array
                                        (
                                            [messaging_product] => whatsapp
                                            [metadata] => Array
                                                (
                                                    [display_phone_number] => 96892009371
                                                    [phone_number_id] => 640983692435947
                                                )

                                            [contacts] => Array
                                                (
                                                    [0] => Array
                                                        (
                                                            [profile] => Array
                                                                (
                                                                    [name] => K
                                                                )

                                                            [wa_id] => 917292055714
                                                        )

                                                )

                                            [messages] => Array
                                                (
                                                    [0] => Array
                                                        (
                                                            [context] => Array
                                                                (
                                                                    [from] => 96892009371
                                                                    [id] => wamid.HBgMOTE3MjkyMDU1NzE0FQIAERgSMEZEMjM0RTc5OURFQzdDRDdGAA==
                                                                )

                                                            [from] => 917292055714
                                                            [id] => wamid.HBgMOTE3MjkyMDU1NzE0FQIAEhggMjdENzc5ODAzRjEwRUU4QjJCOTBBNEI0RDMwQkYwNUIA
                                                            [timestamp] => 1746898429
                                                            [type] => interactive
                                                            [interactive] => Array
                                                                (
                                                                    [type] => list_reply
                                                                    [list_reply] => Array
                                                                        (
                                                                            [id] => blends
                                                                            [title] => Special Blends
                                                                            [description] => Our signature mixes
                                                                        )

                                                                )

                                                        )

                                                )

                                        )

                                    [field] => messages
                                )

                        )

                )

        )

)

Processing message from 917292055714
Interactive message detected
Full interactive structure:
Array
(
    [type] => list_reply
    [list_reply] => Array
        (
            [id] => blends
            [title] => Special Blends
            [description] => Our signature mixes
        )

)

