=== NEW SESSION STARTED ===
Raw input:
{"object":"whatsapp_business_account","entry":[{"id":"1051970416783755","changes":[{"value":{"messaging_product":"whatsapp","metadata":{"display_phone_number":"96892009371","phone_number_id":"640983692435947"},"contacts":[{"profile":{"name":"TQ"},"wa_id":"96894800957"}],"messages":[{"context":{"from":"96892009371","id":"wamid.HBgLOTY4OTQ4MDA5NTcVAgARGBI5OTgwRjQ2NDA5N0FERUMxNTIA"},"from":"96894800957","id":"wamid.HBgLOTY4OTQ4MDA5NTcVAgASGBQzQTczQjI3NThGQTcxNjlEMjczOAA=","timestamp":"1746899219","type":"interactive","interactive":{"type":"list_reply","list_reply":{"id":"main_menu","title":"Main Menu","description":"Return to home screen"}}}]},"field":"messages"}]}]}

Decoded data:
Array
(
    [object] => whatsapp_business_account
    [entry] => Array
        (
            [0] => Array
                (
                    [id] => 1051970416783755
                    [changes] => Array
                        (
                            [0] => Array
                                (
                                    [value] => Array
                                        (
                                            [messaging_product] => whatsapp
                                            [metadata] => Array
                                                (
                                                    [display_phone_number] => 96892009371
                                                    [phone_number_id] => 640983692435947
                                                )

                                            [contacts] => Array
                                                (
                                                    [0] => Array
                                                        (
                                                            [profile] => Array
                                                                (
                                                                    [name] => TQ
                                                                )

                                                            [wa_id] => 96894800957
                                                        )

                                                )

                                            [messages] => Array
                                                (
                                                    [0] => Array
                                                        (
                                                            [context] => Array
                                                                (
                                                                    [from] => 96892009371
                                                                    [id] => wamid.HBgLOTY4OTQ4MDA5NTcVAgARGBI5OTgwRjQ2NDA5N0FERUMxNTIA
                                                                )

                                                            [from] => 96894800957
                                                            [id] => wamid.HBgLOTY4OTQ4MDA5NTcVAgASGBQzQTczQjI3NThGQTcxNjlEMjczOAA=
                                                            [timestamp] => 1746899219
                                                            [type] => interactive
                                                            [interactive] => Array
                                                                (
                                                                    [type] => list_reply
                                                                    [list_reply] => Array
                                                                        (
                                                                            [id] => main_menu
                                                                            [title] => Main Menu
                                                                            [description] => Return to home screen
                                                                        )

                                                                )

                                                        )

                                                )

                                        )

                                    [field] => messages
                                )

                        )

                )

        )

)

Processing message from 96894800957
Interactive message detected
Full interactive structure:
Array
(
    [type] => list_reply
    [list_reply] => Array
        (
            [id] => main_menu
            [title] => Main Menu
            [description] => Return to home screen
        )

)

List selection received: main_menu
Returning to main menu
Preparing to send message:
{
    "messaging_product": "whatsapp",
    "recipient_type": "individual",
    "to": "96894800957",
    "type": "interactive",
    "interactive": {
        "type": "button",
        "body": {
            "text": "\u2615 *Welcome to Coffee Beans!*\nWhat would you like to do today?"
        },
        "action": {
            "buttons": [
                {
                    "type": "reply",
                    "reply": {
                        "id": "browse_products",
                        "title": "Browse Products"
                    }
                },
                {
                    "type": "reply",
                    "reply": {
                        "id": "track_order",
                        "title": "Track Order"
                    }
                },
                {
                    "type": "reply",
                    "reply": {
                        "id": "contact_support",
                        "title": "Contact Support"
                    }
                }
            ]
        }
    }
}
API Response (200):
{"messaging_product":"whatsapp","contacts":[{"input":"96894800957","wa_id":"96894800957"}],"messages":[{"id":"wamid.HBgLOTY4OTQ4MDA5NTcVAgARGBIwMUI1MjVBNTdGOTc0QjNCNjMA"}]}
