=== NEW SESSION STARTED ===
Raw input:
{"object":"whatsapp_business_account","entry":[{"id":"1051970416783755","changes":[{"value":{"messaging_product":"whatsapp","metadata":{"display_phone_number":"96892009371","phone_number_id":"640983692435947"},"statuses":[{"id":"wamid.HBgMOTE3MjkyMDU1NzE0FQIAERgSNTU2OEQ0M0QwQzEwMDE1MDM1AA==","status":"sent","timestamp":"1746899010","recipient_id":"917292055714","conversation":{"id":"71262548656ce368539cd9ef515741e8","expiration_timestamp":"1746982200","origin":{"type":"service"}},"pricing":{"billable":true,"pricing_model":"CBP","category":"service"}}]},"field":"messages"}]}]}

Decoded data:
Array
(
    [object] => whatsapp_business_account
    [entry] => Array
        (
            [0] => Array
                (
                    [id] => 1051970416783755
                    [changes] => Array
                        (
                            [0] => Array
                                (
                                    [value] => Array
                                        (
                                            [messaging_product] => whatsapp
                                            [metadata] => Array
                                                (
                                                    [display_phone_number] => 96892009371
                                                    [phone_number_id] => 640983692435947
                                                )

                                            [statuses] => Array
                                                (
                                                    [0] => Array
                                                        (
                                                            [id] => wamid.HBgMOTE3MjkyMDU1NzE0FQIAERgSNTU2OEQ0M0QwQzEwMDE1MDM1AA==
                                                            [status] => sent
                                                            [timestamp] => 1746899010
                                                            [recipient_id] => 917292055714
                                                            [conversation] => Array
                                                                (
                                                                    [id] => 71262548656ce368539cd9ef515741e8
                                                                    [expiration_timestamp] => 1746982200
                                                                    [origin] => Array
                                                                        (
                                                                            [type] => service
                                                                        )

                                                                )

                                                            [pricing] => Array
                                                                (
                                                                    [billable] => 1
                                                                    [pricing_model] => CBP
                                                                    [category] => service
                                                                )

                                                        )

                                                )

                                        )

                                    [field] => messages
                                )

                        )

                )

        )

)

No message found in payload
