=== NEW SESSION STARTED ===
Raw input:
{"object":"whatsapp_business_account","entry":[{"id":"1051970416783755","changes":[{"value":{"messaging_product":"whatsapp","metadata":{"display_phone_number":"96892009371","phone_number_id":"640983692435947"},"statuses":[{"id":"wamid.HBgLOTY4OTQ4MDA5NTcVAgARGBIzMkI2MTIyMDFDMEVCMzM4QzEA","status":"sent","timestamp":"1746932969","recipient_id":"96894800957","conversation":{"id":"dabd60e4a10ffb880adb024d434c6c52","expiration_timestamp":"1747019400","origin":{"type":"service"}},"pricing":{"billable":true,"pricing_model":"CBP","category":"service"}}]},"field":"messages"}]}]}

Decoded data:
Array
(
    [object] => whatsapp_business_account
    [entry] => Array
        (
            [0] => Array
                (
                    [id] => 1051970416783755
                    [changes] => Array
                        (
                            [0] => Array
                                (
                                    [value] => Array
                                        (
                                            [messaging_product] => whatsapp
                                            [metadata] => Array
                                                (
                                                    [display_phone_number] => 96892009371
                                                    [phone_number_id] => 640983692435947
                                                )

                                            [statuses] => Array
                                                (
                                                    [0] => Array
                                                        (
                                                            [id] => wamid.HBgLOTY4OTQ4MDA5NTcVAgARGBIzMkI2MTIyMDFDMEVCMzM4QzEA
                                                            [status] => sent
                                                            [timestamp] => 1746932969
                                                            [recipient_id] => 96894800957
                                                            [conversation] => Array
                                                                (
                                                                    [id] => dabd60e4a10ffb880adb024d434c6c52
                                                                    [expiration_timestamp] => 1747019400
                                                                    [origin] => Array
                                                                        (
                                                                            [type] => service
                                                                        )

                                                                )

                                                            [pricing] => Array
                                                                (
                                                                    [billable] => 1
                                                                    [pricing_model] => CBP
                                                                    [category] => service
                                                                )

                                                        )

                                                )

                                        )

                                    [field] => messages
                                )

                        )

                )

        )

)

No message found in payload
=== NEW SESSION STARTED ===
Raw input:
{"object":"whatsapp_business_account","entry":[{"id":"1051970416783755","changes":[{"value":{"messaging_product":"whatsapp","metadata":{"display_phone_number":"96892009371","phone_number_id":"640983692435947"},"statuses":[{"id":"wamid.HBgLOTY4OTQ4MDA5NTcVAgARGBIzMkI2MTIyMDFDMEVCMzM4QzEA","status":"delivered","timestamp":"1746932970","recipient_id":"96894800957","conversation":{"id":"dabd60e4a10ffb880adb024d434c6c52","origin":{"type":"service"}},"pricing":{"billable":true,"pricing_model":"CBP","category":"service"}}]},"field":"messages"}]}]}

Decoded data:
Array
(
    [object] => whatsapp_business_account
    [entry] => Array
        (
            [0] => Array
                (
                    [id] => 1051970416783755
                    [changes] => Array
                        (
                            [0] => Array
                                (
                                    [value] => Array
                                        (
                                            [messaging_product] => whatsapp
                                            [metadata] => Array
                                                (
                                                    [display_phone_number] => 96892009371
                                                    [phone_number_id] => 640983692435947
                                                )

                                            [statuses] => Array
                                                (
                                                    [0] => Array
                                                        (
                                                            [id] => wamid.HBgLOTY4OTQ4MDA5NTcVAgARGBIzMkI2MTIyMDFDMEVCMzM4QzEA
                                                            [status] => delivered
                                                            [timestamp] => 1746932970
                                                            [recipient_id] => 96894800957
                                                            [conversation] => Array
                                                                (
                                                                    [id] => dabd60e4a10ffb880adb024d434c6c52
                                                                    [origin] => Array
                                                                        (
                                                                            [type] => service
                                                                        )

                                                                )

                                                            [pricing] => Array
                                                                (
                                                                    [billable] => 1
                                                                    [pricing_model] => CBP
                                                                    [category] => service
                                                                )

                                                        )

                                                )

                                        )

                                    [field] => messages
                                )

                        )

                )

        )

)

No message found in payload
=== NEW SESSION STARTED ===
Raw input:
{"object":"whatsapp_business_account","entry":[{"id":"1051970416783755","changes":[{"value":{"messaging_product":"whatsapp","metadata":{"display_phone_number":"96892009371","phone_number_id":"640983692435947"},"statuses":[{"id":"wamid.HBgLOTY4OTQ4MDA5NTcVAgARGBIzMkI2MTIyMDFDMEVCMzM4QzEA","status":"read","timestamp":"1746932970","recipient_id":"96894800957"}]},"field":"messages"}]}]}

Decoded data:
Array
(
    [object] => whatsapp_business_account
    [entry] => Array
        (
            [0] => Array
                (
                    [id] => 1051970416783755
                    [changes] => Array
                        (
                            [0] => Array
                                (
                                    [value] => Array
                                        (
                                            [messaging_product] => whatsapp
                                            [metadata] => Array
                                                (
                                                    [display_phone_number] => 96892009371
                                                    [phone_number_id] => 640983692435947
                                                )

                                            [statuses] => Array
                                                (
                                                    [0] => Array
                                                        (
                                                            [id] => wamid.HBgLOTY4OTQ4MDA5NTcVAgARGBIzMkI2MTIyMDFDMEVCMzM4QzEA
                                                            [status] => read
                                                            [timestamp] => 1746932970
                                                            [recipient_id] => 96894800957
                                                        )

                                                )

                                        )

                                    [field] => messages
                                )

                        )

                )

        )

)

No message found in payload
