=== NEW SESSION STARTED ===
Raw input:
{"object":"whatsapp_business_account","entry":[{"id":"1051970416783755","changes":[{"value":{"messaging_product":"whatsapp","metadata":{"display_phone_number":"96892009371","phone_number_id":"640983692435947"},"contacts":[{"profile":{"name":"TQ"},"wa_id":"96894800957"}],"messages":[{"context":{"from":"96892009371","id":"wamid.HBgLOTY4OTQ4MDA5NTcVAgARGBIzRTI1RkE3MDM4ODIxMzk3NEIA"},"from":"96894800957","id":"wamid.HBgLOTY4OTQ4MDA5NTcVAgASGBQzQTNFNEI4Mzk5MEJBMjNDRDYxOQA=","timestamp":"1746899326","type":"interactive","interactive":{"type":"button_reply","button_reply":{"id":"browse_products","title":"Browse Products"}}}]},"field":"messages"}]}]}

Decoded data:
Array
(
    [object] => whatsapp_business_account
    [entry] => Array
        (
            [0] => Array
                (
                    [id] => 1051970416783755
                    [changes] => Array
                        (
                            [0] => Array
                                (
                                    [value] => Array
                                        (
                                            [messaging_product] => whatsapp
                                            [metadata] => Array
                                                (
                                                    [display_phone_number] => 96892009371
                                                    [phone_number_id] => 640983692435947
                                                )

                                            [contacts] => Array
                                                (
                                                    [0] => Array
                                                        (
                                                            [profile] => Array
                                                                (
                                                                    [name] => TQ
                                                                )

                                                            [wa_id] => 96894800957
                                                        )

                                                )

                                            [messages] => Array
                                                (
                                                    [0] => Array
                                                        (
                                                            [context] => Array
                                                                (
                                                                    [from] => 96892009371
                                                                    [id] => wamid.HBgLOTY4OTQ4MDA5NTcVAgARGBIzRTI1RkE3MDM4ODIxMzk3NEIA
                                                                )

                                                            [from] => 96894800957
                                                            [id] => wamid.HBgLOTY4OTQ4MDA5NTcVAgASGBQzQTNFNEI4Mzk5MEJBMjNDRDYxOQA=
                                                            [timestamp] => 1746899326
                                                            [type] => interactive
                                                            [interactive] => Array
                                                                (
                                                                    [type] => button_reply
                                                                    [button_reply] => Array
                                                                        (
                                                                            [id] => browse_products
                                                                            [title] => Browse Products
                                                                        )

                                                                )

                                                        )

                                                )

                                        )

                                    [field] => messages
                                )

                        )

                )

        )

)

Processing message from 96894800957
Interactive message detected
Full interactive structure:
Array
(
    [type] => button_reply
    [button_reply] => Array
        (
            [id] => browse_products
            [title] => Browse Products
        )

)

Button ID received: browse_products
Browse products button clicked
Preparing to send message:
{
    "messaging_product": "whatsapp",
    "recipient_type": "individual",
    "to": "96894800957",
    "type": "interactive",
    "interactive": {
        "type": "list",
        "body": {
            "text": "Browse our coffee categories:"
        },
        "action": {
            "button": "Categories",
            "sections": [
                {
                    "title": "Coffee Types",
                    "rows": [
                        {
                            "id": "single_origin",
                            "title": "Single Origin",
                            "description": "Premium single-source beans"
                        },
                        {
                            "id": "blends",
                            "title": "Special Blends",
                            "description": "Our signature mixes"
                        }
                    ]
                },
                {
                    "title": "Other Options",
                    "rows": [
                        {
                            "id": "main_menu",
                            "title": "Back to Main Menu",
                            "description": "Return to home screen"
                        }
                    ]
                }
            ]
        }
    }
}
API Response (200):
{"messaging_product":"whatsapp","contacts":[{"input":"96894800957","wa_id":"96894800957"}],"messages":[{"id":"wamid.HBgLOTY4OTQ4MDA5NTcVAgARGBJDMTEyNjU0RUQzQUQ0QzQ2M0IA"}]}
