=== NEW SESSION STARTED ===
Raw input:
{"object":"whatsapp_business_account","entry":[{"id":"1051970416783755","changes":[{"value":{"messaging_product":"whatsapp","metadata":{"display_phone_number":"96892009371","phone_number_id":"640983692435947"},"contacts":[{"profile":{"name":"Claimx"},"wa_id":"96894800930"}],"messages":[{"context":{"from":"96892009371","id":"wamid.HBgLOTY4OTQ4MDA5MzAVAgARGBJERjIwNzcxNUY3OEMzMEJBNzUA"},"from":"96894800930","id":"wamid.HBgLOTY4OTQ4MDA5MzAVAgASGBQzQUM2RjFFREM1QjY0MDNDQkJGQQA=","timestamp":"1746899795","type":"interactive","interactive":{"type":"button_reply","button_reply":{"id":"track_order","title":"Track Order"}}}]},"field":"messages"}]}]}

Decoded data:
Array
(
    [object] => whatsapp_business_account
    [entry] => Array
        (
            [0] => Array
                (
                    [id] => 1051970416783755
                    [changes] => Array
                        (
                            [0] => Array
                                (
                                    [value] => Array
                                        (
                                            [messaging_product] => whatsapp
                                            [metadata] => Array
                                                (
                                                    [display_phone_number] => 96892009371
                                                    [phone_number_id] => 640983692435947
                                                )

                                            [contacts] => Array
                                                (
                                                    [0] => Array
                                                        (
                                                            [profile] => Array
                                                                (
                                                                    [name] => Claimx
                                                                )

                                                            [wa_id] => 96894800930
                                                        )

                                                )

                                            [messages] => Array
                                                (
                                                    [0] => Array
                                                        (
                                                            [context] => Array
                                                                (
                                                                    [from] => 96892009371
                                                                    [id] => wamid.HBgLOTY4OTQ4MDA5MzAVAgARGBJERjIwNzcxNUY3OEMzMEJBNzUA
                                                                )

                                                            [from] => 96894800930
                                                            [id] => wamid.HBgLOTY4OTQ4MDA5MzAVAgASGBQzQUM2RjFFREM1QjY0MDNDQkJGQQA=
                                                            [timestamp] => 1746899795
                                                            [type] => interactive
                                                            [interactive] => Array
                                                                (
                                                                    [type] => button_reply
                                                                    [button_reply] => Array
                                                                        (
                                                                            [id] => track_order
                                                                            [title] => Track Order
                                                                        )

                                                                )

                                                        )

                                                )

                                        )

                                    [field] => messages
                                )

                        )

                )

        )

)

Processing message from 96894800930
Interactive message detected
Full interactive structure:
Array
(
    [type] => button_reply
    [button_reply] => Array
        (
            [id] => track_order
            [title] => Track Order
        )

)

Button ID received: track_order
Track order button clicked
