=== NEW SESSION STARTED ===
Raw input:
{"object":"whatsapp_business_account","entry":[{"id":"1051970416783755","changes":[{"value":{"messaging_product":"whatsapp","metadata":{"display_phone_number":"96892009371","phone_number_id":"640983692435947"},"contacts":[{"profile":{"name":"Claimx"},"wa_id":"96894800930"}],"messages":[{"context":{"from":"96892009371","id":"wamid.HBgLOTY4OTQ4MDA5MzAVAgARGBI5QTRBRUVDQTBFMjA1QTY4Q0UA"},"from":"96894800930","id":"wamid.HBgLOTY4OTQ4MDA5MzAVAgASGBQzQUY5MjRCQ0JDODBEN0Q2RTM3RgA=","timestamp":"1746900712","type":"interactive","interactive":{"type":"list_reply","list_reply":{"id":"ethiopia_yirgacheffe","title":"Ethiopia Yirgacheffe","description":"Floral, citrus notes - $18"}}}]},"field":"messages"}]}]}

Decoded data:
Array
(
    [object] => whatsapp_business_account
    [entry] => Array
        (
            [0] => Array
                (
                    [id] => 1051970416783755
                    [changes] => Array
                        (
                            [0] => Array
                                (
                                    [value] => Array
                                        (
                                            [messaging_product] => whatsapp
                                            [metadata] => Array
                                                (
                                                    [display_phone_number] => 96892009371
                                                    [phone_number_id] => 640983692435947
                                                )

                                            [contacts] => Array
                                                (
                                                    [0] => Array
                                                        (
                                                            [profile] => Array
                                                                (
                                                                    [name] => Claimx
                                                                )

                                                            [wa_id] => 96894800930
                                                        )

                                                )

                                            [messages] => Array
                                                (
                                                    [0] => Array
                                                        (
                                                            [context] => Array
                                                                (
                                                                    [from] => 96892009371
                                                                    [id] => wamid.HBgLOTY4OTQ4MDA5MzAVAgARGBI5QTRBRUVDQTBFMjA1QTY4Q0UA
                                                                )

                                                            [from] => 96894800930
                                                            [id] => wamid.HBgLOTY4OTQ4MDA5MzAVAgASGBQzQUY5MjRCQ0JDODBEN0Q2RTM3RgA=
                                                            [timestamp] => 1746900712
                                                            [type] => interactive
                                                            [interactive] => Array
                                                                (
                                                                    [type] => list_reply
                                                                    [list_reply] => Array
                                                                        (
                                                                            [id] => ethiopia_yirgacheffe
                                                                            [title] => Ethiopia Yirgacheffe
                                                                            [description] => Floral, citrus notes - $18
                                                                        )

                                                                )

                                                        )

                                                )

                                        )

                                    [field] => messages
                                )

                        )

                )

        )

)

Processing message from 96894800930
Interactive message detected
Full interactive structure:
Array
(
    [type] => list_reply
    [list_reply] => Array
        (
            [id] => ethiopia_yirgacheffe
            [title] => Ethiopia Yirgacheffe
            [description] => Floral, citrus notes - $18
        )

)

List selection received: ethiopia_yirgacheffe
Unknown list selection: ethiopia_yirgacheffe
Preparing to send message:
{
    "messaging_product": "whatsapp",
    "to": "96894800930",
    "type": "text",
    "text": {
        "body": "Sorry, that category isn't available."
    }
}
API Response (200):
{"messaging_product":"whatsapp","contacts":[{"input":"96894800930","wa_id":"96894800930"}],"messages":[{"id":"wamid.HBgLOTY4OTQ4MDA5MzAVAgARGBIxNUIyNzgwNUFBQTQ2N0RGRUEA"}]}
