=== NEW SESSION STARTED ===
Raw input:
{"object":"whatsapp_business_account","entry":[{"id":"1051970416783755","changes":[{"value":{"messaging_product":"whatsapp","metadata":{"display_phone_number":"96892009371","phone_number_id":"640983692435947"},"contacts":[{"profile":{"name":"K"},"wa_id":"917292055714"}],"messages":[{"context":{"from":"96892009371","id":"wamid.HBgMOTE3MjkyMDU1NzE0FQIAERgSMUFGMzU2MDIwQkJFRTFEQkM3AA=="},"from":"917292055714","id":"wamid.HBgMOTE3MjkyMDU1NzE0FQIAEhggRjUxNzA1QzRGMDUwNkRBNTQwQTdDRDcyNzA4N0YxRjAA","timestamp":"1746940537","type":"interactive","interactive":{"type":"list_reply","list_reply":{"id":"colombia_supremo","title":"Colombia Supremo","description":"Chocolate, nutty notes - $16"}}}]},"field":"messages"}]}]}

Decoded data:
Array
(
    [object] => whatsapp_business_account
    [entry] => Array
        (
            [0] => Array
                (
                    [id] => 1051970416783755
                    [changes] => Array
                        (
                            [0] => Array
                                (
                                    [value] => Array
                                        (
                                            [messaging_product] => whatsapp
                                            [metadata] => Array
                                                (
                                                    [display_phone_number] => 96892009371
                                                    [phone_number_id] => 640983692435947
                                                )

                                            [contacts] => Array
                                                (
                                                    [0] => Array
                                                        (
                                                            [profile] => Array
                                                                (
                                                                    [name] => K
                                                                )

                                                            [wa_id] => 917292055714
                                                        )

                                                )

                                            [messages] => Array
                                                (
                                                    [0] => Array
                                                        (
                                                            [context] => Array
                                                                (
                                                                    [from] => 96892009371
                                                                    [id] => wamid.HBgMOTE3MjkyMDU1NzE0FQIAERgSMUFGMzU2MDIwQkJFRTFEQkM3AA==
                                                                )

                                                            [from] => 917292055714
                                                            [id] => wamid.HBgMOTE3MjkyMDU1NzE0FQIAEhggRjUxNzA1QzRGMDUwNkRBNTQwQTdDRDcyNzA4N0YxRjAA
                                                            [timestamp] => 1746940537
                                                            [type] => interactive
                                                            [interactive] => Array
                                                                (
                                                                    [type] => list_reply
                                                                    [list_reply] => Array
                                                                        (
                                                                            [id] => colombia_supremo
                                                                            [title] => Colombia Supremo
                                                                            [description] => Chocolate, nutty notes - $16
                                                                        )

                                                                )

                                                        )

                                                )

                                        )

                                    [field] => messages
                                )

                        )

                )

        )

)

Processing message from 917292055714
Interactive message detected
Full interactive structure:
Array
(
    [type] => list_reply
    [list_reply] => Array
        (
            [id] => colombia_supremo
            [title] => Colombia Supremo
            [description] => Chocolate, nutty notes - $16
        )

)

List selection received: colombia_supremo
Unknown list selection: colombia_supremo
Preparing to send message:
{
    "messaging_product": "whatsapp",
    "to": "917292055714",
    "type": "text",
    "text": {
        "body": "Sorry, that category isn't available."
    }
}
API Response (200):
{"messaging_product":"whatsapp","contacts":[{"input":"917292055714","wa_id":"917292055714"}],"messages":[{"id":"wamid.HBgMOTE3MjkyMDU1NzE0FQIAERgSOUY0N0UyNjM3OTJBREYyQjdDAA=="}]}
