=== NEW SESSION STARTED ===
Raw input:
{"object":"whatsapp_business_account","entry":[{"id":"1051970416783755","changes":[{"value":{"messaging_product":"whatsapp","metadata":{"display_phone_number":"96892009371","phone_number_id":"640983692435947"},"contacts":[{"profile":{"name":"K"},"wa_id":"917292055714"}],"messages":[{"from":"917292055714","id":"wamid.HBgMOTE3MjkyMDU1NzE0FQIAEhggNDNFNzMzQUU0QzMxNDk1NUYxQzU3QkYwQzgwNTY3OUEA","timestamp":"1746898411","text":{"body":"hi"},"type":"text"}]},"field":"messages"}]}]}

Decoded data:
Array
(
    [object] => whatsapp_business_account
    [entry] => Array
        (
            [0] => Array
                (
                    [id] => 1051970416783755
                    [changes] => Array
                        (
                            [0] => Array
                                (
                                    [value] => Array
                                        (
                                            [messaging_product] => whatsapp
                                            [metadata] => Array
                                                (
                                                    [display_phone_number] => 96892009371
                                                    [phone_number_id] => 640983692435947
                                                )

                                            [contacts] => Array
                                                (
                                                    [0] => Array
                                                        (
                                                            [profile] => Array
                                                                (
                                                                    [name] => K
                                                                )

                                                            [wa_id] => 917292055714
                                                        )

                                                )

                                            [messages] => Array
                                                (
                                                    [0] => Array
                                                        (
                                                            [from] => 917292055714
                                                            [id] => wamid.HBgMOTE3MjkyMDU1NzE0FQIAEhggNDNFNzMzQUU0QzMxNDk1NUYxQzU3QkYwQzgwNTY3OUEA
                                                            [timestamp] => 1746898411
                                                            [text] => Array
                                                                (
                                                                    [body] => hi
                                                                )

                                                            [type] => text
                                                        )

                                                )

                                        )

                                    [field] => messages
                                )

                        )

                )

        )

)

Processing message from 917292055714
Text message received: hi
Sending main menu
Preparing to send message:
{
    "messaging_product": "whatsapp",
    "recipient_type": "individual",
    "to": "917292055714",
    "type": "interactive",
    "interactive": {
        "type": "button",
        "body": {
            "text": "\u2615 *Welcome to Coffee Beans!*\nWhat would you like to do today?"
        },
        "action": {
            "buttons": [
                {
                    "type": "reply",
                    "reply": {
                        "id": "browse_products",
                        "title": "Browse Products"
                    }
                },
                {
                    "type": "reply",
                    "reply": {
                        "id": "track_order",
                        "title": "Track Order"
                    }
                },
                {
                    "type": "reply",
                    "reply": {
                        "id": "contact_support",
                        "title": "Contact Support"
                    }
                }
            ]
        }
    }
}
API Response (200):
{"messaging_product":"whatsapp","contacts":[{"input":"917292055714","wa_id":"917292055714"}],"messages":[{"id":"wamid.HBgMOTE3MjkyMDU1NzE0FQIAERgSNzRGQzMyNDQxMDBCNjlDRjA3AA=="}]}
