=== NEW SESSION STARTED ===
Raw input:
{"object":"whatsapp_business_account","entry":[{"id":"1051970416783755","changes":[{"value":{"messaging_product":"whatsapp","metadata":{"display_phone_number":"96892009371","phone_number_id":"640983692435947"},"statuses":[{"id":"wamid.HBgLOTY4OTQ4MDA5MzAVAgARGBJEQzI4Mjk3MDU3RkE0QkExRDkA","status":"read","timestamp":"1746899537","recipient_id":"96894800930"}]},"field":"messages"}]}]}

Decoded data:
Array
(
    [object] => whatsapp_business_account
    [entry] => Array
        (
            [0] => Array
                (
                    [id] => 1051970416783755
                    [changes] => Array
                        (
                            [0] => Array
                                (
                                    [value] => Array
                                        (
                                            [messaging_product] => whatsapp
                                            [metadata] => Array
                                                (
                                                    [display_phone_number] => 96892009371
                                                    [phone_number_id] => 640983692435947
                                                )

                                            [statuses] => Array
                                                (
                                                    [0] => Array
                                                        (
                                                            [id] => wamid.HBgLOTY4OTQ4MDA5MzAVAgARGBJEQzI4Mjk3MDU3RkE0QkExRDkA
                                                            [status] => read
                                                            [timestamp] => 1746899537
                                                            [recipient_id] => 96894800930
                                                        )

                                                )

                                        )

                                    [field] => messages
                                )

                        )

                )

        )

)

No message found in payload
